xcode-select: error: tool 'xcodebuild' requires Xcode, but active developer directory '/Library/Developer/CommandLineTools' is a command line tools instance

xcode-select: error: tool 'xcodebuild' requires Xcode, but active developer directory '/Library/Developer/CommandLineTools' is a command line tools instance

In file included from ../ext/bson.cc:35:
In file included from ../ext/bson.h:17:
/Users/Matthieu/Documents/Prog/Node/welcome/node_modules/monk/node_modules/nan/nan.h:261:12: error: no member named 'New' in 'v8::String'
   return  _NAN_ERROR(v8::Exception::Error, errmsg);
           ^~~~~~~~~~~~~~~~~~~~~~~~~~~~~~~~~~~~~~~~
/Users/Matthieu/Documents/Prog/Node/welcome/node_modules/monk/node_modules/nan/nan.h:252:21: note: expanded from macro '_NAN_ERROR'
    fun(v8::String::New(errmsg))
        ~~~~~~~~~~~~^
/Users/Matthieu/Documents/Prog/Node/welcome/node_modules/monk/node_modules/nan/nan.h:265:5: error: no member named 'ThrowException' in namespace 'v8'
    _NAN_THROW_ERROR(v8::Exception::Error, errmsg);
    ^~~~~~~~~~~~~~~~~~~~~~~~~~~~~~~~~~~~~~~~~~~~~~
/Users/Matthieu/Documents/Prog/Node/welcome/node_modules/monk/node_modules/nan/nan.h:257:11: note: expanded from macro '_NAN_THROW_ERROR'
      v8::ThrowException(_NAN_ERROR(fun, errmsg));                             \
      ~~~~^
/Users/Matthieu/Documents/Prog/Node/welcome/node_modules/monk/node_modules/nan/nan.h:265:5: error: no member named 'New' in 'v8::String'
    _NAN_THROW_ERROR(v8::Exception::Error, errmsg);
    ^~~~~~~~~~~~~~~~~~~~~~~~~~~~~~~~~~~~~~~~~~~~~~
/Users/Matthieu/Documents/Prog/Node/welcome/node_modules/monk/node_modules/nan/nan.h:257:26: note: expanded from macro '_NAN_THROW_ERROR'
      v8::ThrowException(_NAN_ERROR(fun, errmsg));                             \
                         ^~~~~~~~~~~~~~~~~~~~~~~
/Users/Matthieu/Documents/Prog/Node/welcome/node_modules/monk/node_modules/nan/nan.h:252:21: note: expanded from macro '_NAN_ERROR'
    fun(v8::String::New(errmsg))
        ~~~~~~~~~~~~^
/Users/Matthieu/Documents/Prog/Node/welcome/node_modules/monk/node_modules/nan/nan.h:270:9: error: no type named 'ThrowException' in namespace 'v8'
    v8::ThrowException(error);
    ~~~~^
/Users/Matthieu/Documents/Prog/Node/welcome/node_modules/monk/node_modules/nan/nan.h:276:53: error: no member named 'New' in 'v8::String'; did you mean 'v8::TypeSwitch::New'?
    v8::Local<v8::Value> err = v8::Exception::Error(v8::String::New(msg));
                                                    ^~~~~~~~~~~~~~~
                                                    v8::TypeSwitch::New
/Users/Matthieu/.node-gyp/5.0.0/include/node/v8.h:4704:28: note: 'v8::TypeSwitch::New' declared here
  static Local<TypeSwitch> New(Local<FunctionTemplate> type);
                           ^
In file included from ../ext/bson.cc:35:
In file included from ../ext/bson.h:17:
/Users/Matthieu/Documents/Prog/Node/welcome/node_modules/monk/node_modules/nan/nan.h:276:69: error: calling a private constructor of class 'v8::Local<v8::FunctionTemplate>'
    v8::Local<v8::Value> err = v8::Exception::Error(v8::String::New(msg));
                                                                    ^
/Users/Matthieu/.node-gyp/5.0.0/include/node/v8.h:326:13: note: declared private here
  V8_INLINE Local(S* that)
            ^
In file included from ../ext/bson.cc:35:
In file included from ../ext/bson.h:17:
/Users/Matthieu/Documents/Prog/Node/welcome/node_modules/monk/node_modules/nan/nan.h:278:65: error: too few arguments to function call, expected 2, have 1
    obj->Set(v8::String::New("code"), v8::Int32::New(errorNumber));
                                      ~~~~~~~~~~~~~~            ^
/Users/Matthieu/.node-gyp/5.0.0/include/node/v8.h:2496:3: note: 'New' declared here
  static Local<Integer> New(Isolate* isolate, int32_t value);
  ^
In file included from ../ext/bson.cc:35:
In file included from ../ext/bson.h:17:
/Users/Matthieu/Documents/Prog/Node/welcome/node_modules/monk/node_modules/nan/nan.h:278:26: error: no member named 'New' in 'v8::String'
    obj->Set(v8::String::New("code"), v8::Int32::New(errorNumber));
             ~~~~~~~~~~~~^
/Users/Matthieu/Documents/Prog/Node/welcome/node_modules/monk/node_modules/nan/nan.h:289:12: error: no member named 'New' in 'v8::String'
    return _NAN_ERROR(v8::Exception::TypeError, errmsg);
           ^~~~~~~~~~~~~~~~~~~~~~~~~~~~~~~~~~~~~~~~~~~~
/Users/Matthieu/Documents/Prog/Node/welcome/node_modules/monk/node_modules/nan/nan.h:252:21: note: expanded from macro '_NAN_ERROR'
    fun(v8::String::New(errmsg))
        ~~~~~~~~~~~~^
/Users/Matthieu/Documents/Prog/Node/welcome/node_modules/monk/node_modules/nan/nan.h:293:5: error: no member named 'ThrowException' in namespace 'v8'
    _NAN_THROW_ERROR(v8::Exception::TypeError, errmsg);
    ^~~~~~~~~~~~~~~~~~~~~~~~~~~~~~~~~~~~~~~~~~~~~~~~~~
/Users/Matthieu/Documents/Prog/Node/welcome/node_modules/monk/node_modules/nan/nan.h:257:11: note: expanded from macro '_NAN_THROW_ERROR'
      v8::ThrowException(_NAN_ERROR(fun, errmsg));                             \
      ~~~~^
/Users/Matthieu/Documents/Prog/Node/welcome/node_modules/monk/node_modules/nan/nan.h:293:5: error: no member named 'New' in 'v8::String'
    _NAN_THROW_ERROR(v8::Exception::TypeError, errmsg);
    ^~~~~~~~~~~~~~~~~~~~~~~~~~~~~~~~~~~~~~~~~~~~~~~~~~
/Users/Matthieu/Documents/Prog/Node/welcome/node_modules/monk/node_modules/nan/nan.h:257:26: note: expanded from macro '_NAN_THROW_ERROR'
      v8::ThrowException(_NAN_ERROR(fun, errmsg));                             \
                         ^~~~~~~~~~~~~~~~~~~~~~~
/Users/Matthieu/Documents/Prog/Node/welcome/node_modules/monk/node_modules/nan/nan.h:252:21: note: expanded from macro '_NAN_ERROR'
    fun(v8::String::New(errmsg))
        ~~~~~~~~~~~~^
/Users/Matthieu/Documents/Prog/Node/welcome/node_modules/monk/node_modules/nan/nan.h:297:12: error: no member named 'New' in 'v8::String'
    return _NAN_ERROR(v8::Exception::RangeError, errmsg);
           ^~~~~~~~~~~~~~~~~~~~~~~~~~~~~~~~~~~~~~~~~~~~~
/Users/Matthieu/Documents/Prog/Node/welcome/node_modules/monk/node_modules/nan/nan.h:252:21: note: expanded from macro '_NAN_ERROR'
    fun(v8::String::New(errmsg))
        ~~~~~~~~~~~~^
/Users/Matthieu/Documents/Prog/Node/welcome/node_modules/monk/node_modules/nan/nan.h:301:5: error: no member named 'ThrowException' in namespace 'v8'
    _NAN_THROW_ERROR(v8::Exception::RangeError, errmsg);
    ^~~~~~~~~~~~~~~~~~~~~~~~~~~~~~~~~~~~~~~~~~~~~~~~~~~
/Users/Matthieu/Documents/Prog/Node/welcome/node_modules/monk/node_modules/nan/nan.h:257:11: note: expanded from macro '_NAN_THROW_ERROR'
      v8::ThrowException(_NAN_ERROR(fun, errmsg));                             \
      ~~~~^
/Users/Matthieu/Documents/Prog/Node/welcome/node_modules/monk/node_modules/nan/nan.h:301:5: error: no member named 'New' in 'v8::String'
    _NAN_THROW_ERROR(v8::Exception::RangeError, errmsg);
    ^~~~~~~~~~~~~~~~~~~~~~~~~~~~~~~~~~~~~~~~~~~~~~~~~~~
/Users/Matthieu/Documents/Prog/Node/welcome/node_modules/monk/node_modules/nan/nan.h:257:26: note: expanded from macro '_NAN_THROW_ERROR'
      v8::ThrowException(_NAN_ERROR(fun, errmsg));                             \
                         ^~~~~~~~~~~~~~~~~~~~~~~
/Users/Matthieu/Documents/Prog/Node/welcome/node_modules/monk/node_modules/nan/nan.h:252:21: note: expanded from macro '_NAN_ERROR'
    fun(v8::String::New(errmsg))
        ~~~~~~~~~~~~^
/Users/Matthieu/Documents/Prog/Node/welcome/node_modules/monk/node_modules/nan/nan.h:317:13: error: no member named 'smalloc' in namespace 'node'
      node::smalloc::FreeCallback callback,
      ~~~~~~^
/Users/Matthieu/Documents/Prog/Node/welcome/node_modules/monk/node_modules/nan/nan.h:104:70: note: expanded from macro 'NAN_INLINE'
#define NAN_INLINE(declarator) inline __attribute__((always_inline)) declarator
                                                                     ^
/Users/Matthieu/Documents/Prog/Node/welcome/node_modules/monk/node_modules/nan/nan.h:324:12: error: no matching function for call to 'New'
    return node::Buffer::New(data, size);
           ^~~~~~~~~~~~~~~~~
/Users/Matthieu/.node-gyp/5.0.0/include/node/node_buffer.h:28:40: note: candidate function not viable: no known conversion from 'char *' to 'v8::Isolate *' for 1st argument
NODE_EXTERN v8::MaybeLocal<v8::Object> New(v8::Isolate* isolate, size_t length);
                                       ^
/Users/Matthieu/.node-gyp/5.0.0/include/node/node_buffer.h:31:40: note: candidate function not viable: no known conversion from 'char *' to 'v8::Isolate *' for 1st argument
NODE_EXTERN v8::MaybeLocal<v8::Object> New(v8::Isolate* isolate,
                                       ^
/Users/Matthieu/.node-gyp/5.0.0/include/node/node_buffer.h:43:40: note: candidate function not viable: requires 3 arguments, but 2 were provided
NODE_EXTERN v8::MaybeLocal<v8::Object> New(v8::Isolate* isolate,
                                       ^
/Users/Matthieu/.node-gyp/5.0.0/include/node/node_buffer.h:36:40: note: candidate function not viable: requires 5 arguments, but 2 were provided
NODE_EXTERN v8::MaybeLocal<v8::Object> New(v8::Isolate* isolate,
                                       ^
In file included from ../ext/bson.cc:35:
In file included from ../ext/bson.h:17:
/Users/Matthieu/Documents/Prog/Node/welcome/node_modules/monk/node_modules/nan/nan.h:328:12: error: no matching function for call to 'New'
    return node::Buffer::New(size);
           ^~~~~~~~~~~~~~~~~
/Users/Matthieu/.node-gyp/5.0.0/include/node/node_buffer.h:28:40: note: candidate function not viable: requires 2 arguments, but 1 was provided
NODE_EXTERN v8::MaybeLocal<v8::Object> New(v8::Isolate* isolate, size_t length);
                                       ^
/Users/Matthieu/.node-gyp/5.0.0/include/node/node_buffer.h:31:40: note: candidate function not viable: requires at least 2 arguments, but 1 was provided
NODE_EXTERN v8::MaybeLocal<v8::Object> New(v8::Isolate* isolate,
                                       ^
/Users/Matthieu/.node-gyp/5.0.0/include/node/node_buffer.h:43:40: note: candidate function not viable: requires 3 arguments, but 1 was provided
NODE_EXTERN v8::MaybeLocal<v8::Object> New(v8::Isolate* isolate,
                                       ^
/Users/Matthieu/.node-gyp/5.0.0/include/node/node_buffer.h:36:40: note: candidate function not viable: requires 5 arguments, but 1 was provided
NODE_EXTERN v8::MaybeLocal<v8::Object> New(v8::Isolate* isolate,
                                       ^
In file included from ../ext/bson.cc:35:
In file included from ../ext/bson.h:17:
/Users/Matthieu/Documents/Prog/Node/welcome/node_modules/monk/node_modules/nan/nan.h:332:26: error: no member named 'Use' in namespace 'node::Buffer'
    return node::Buffer::Use(data, size);
           ~~~~~~~~~~~~~~^
/Users/Matthieu/Documents/Prog/Node/welcome/node_modules/monk/node_modules/nan/nan.h:544:49: error: too few arguments to function call, single argument 'isolate' was not specified
    v8::Local<v8::Object> obj = v8::Object::New();
                                ~~~~~~~~~~~~~~~ ^
/Users/Matthieu/.node-gyp/5.0.0/include/node/v8.h:2930:3: note: 'New' declared here
  static Local<Object> New(Isolate* isolate);
  ^
fatal error: too many errors emitted, stopping now [-ferror-limit=]
20 errors generated.
make: *** [Release/obj.target/bson/ext/bson.o] Error 1
gyp ERR! build error 
gyp ERR! stack Error: `make` failed with exit code: 2
gyp ERR! stack     at ChildProcess.onExit (/usr/local/lib/node_modules/npm/node_modules/node-gyp/lib/build.js:270:23)
gyp ERR! stack     at emitTwo (events.js:87:13)
gyp ERR! stack     at ChildProcess.emit (events.js:172:7)
gyp ERR! stack     at Process.ChildProcess._handle.onexit (internal/child_process.js:200:12)
gyp ERR! System Darwin 14.5.0
gyp ERR! command "/usr/local/bin/node" "/usr/local/lib/node_modules/npm/node_modules/node-gyp/bin/node-gyp.js" "rebuild"
gyp ERR! cwd /Users/Matthieu/Documents/Prog/Node/welcome/node_modules/monk/node_modules/bson
gyp ERR! node -v v5.0.0
gyp ERR! node-gyp -v v3.0.3
gyp ERR! not ok 
